build/app/intermediates/manifest_merge_blame_file/debug/manifest-merger-blame-debug-report.txt
1<?xml version="1.0" encoding="utf-8"?>
2<manifest xmlns:android="http://schemas.android.com/apk/res/android"
3    package="com.example.flutter_widget"
4    android:versionCode="1"
5    android:versionName="1.0.0" >
6
7    <uses-sdk
8        android:minSdkVersion="21"
9        android:targetSdkVersion="34" />
10    <!--
11         The INTERNET permission is required for development. Specifically,
12         the Flutter tool needs it to communicate with the running application
13         to allow setting breakpoints, to provide hot reload, etc.
14    -->
15    <uses-permission android:name="android.permission.INTERNET" />
15-->src/debug/AndroidManifest.xml:6:5-66
15-->src/debug/AndroidManifest.xml:6:22-64
16    <!--
17     Required to query activities that can process text, see:
18         https://developer.android.com/training/package-visibility and
19         https://developer.android.com/reference/android/content/Intent#ACTION_PROCESS_TEXT.
20
21         In particular, this is used by the Flutter engine in io.flutter.plugin.text.ProcessTextPlugin.
22    -->
23    <queries>
23-->src/main/AndroidManifest.xml:39:5-44:15
24        <intent>
24-->src/main/AndroidManifest.xml:40:9-43:18
25            <action android:name="android.intent.action.PROCESS_TEXT" />
25-->src/main/AndroidManifest.xml:41:13-72
25-->src/main/AndroidManifest.xml:41:21-70
26
27            <data android:mimeType="text/plain" />
27-->src/main/AndroidManifest.xml:42:13-50
27-->src/main/AndroidManifest.xml:42:19-48
28        </intent>
29        <intent>
29-->[:flutter_inappwebview_android] AndroidManifest.xml:10:9-12:18
30            <action android:name="android.support.customtabs.action.CustomTabsService" />
30-->[:flutter_inappwebview_android] AndroidManifest.xml:11:13-90
30-->[:flutter_inappwebview_android] AndroidManifest.xml:11:21-87
31        </intent>
32    </queries>
33
34    <permission
34-->[androidx.core:core:1.13.1] AndroidManifest.xml:22:5-24:47
35        android:name="com.example.flutter_widget.DYNAMIC_RECEIVER_NOT_EXPORTED_PERMISSION"
35-->[androidx.core:core:1.13.1] AndroidManifest.xml:23:9-81
36        android:protectionLevel="signature" />
36-->[androidx.core:core:1.13.1] AndroidManifest.xml:24:9-44
37
38    <uses-permission android:name="com.example.flutter_widget.DYNAMIC_RECEIVER_NOT_EXPORTED_PERMISSION" />
38-->[androidx.core:core:1.13.1] AndroidManifest.xml:26:5-97
38-->[androidx.core:core:1.13.1] AndroidManifest.xml:26:22-94
39
40    <application
41        android:name="android.app.Application"
42        android:appComponentFactory="androidx.core.app.CoreComponentFactory"
42-->[androidx.core:core:1.13.1] AndroidManifest.xml:28:18-86
43        android:debuggable="true"
44        android:icon="@mipmap/ic_launcher"
45        android:label="flutter_widget" >
46        <activity
47            android:name="com.example.flutter_widget.MainActivity"
48            android:configChanges="orientation|keyboardHidden|keyboard|screenSize|smallestScreenSize|locale|layoutDirection|fontScale|screenLayout|density|uiMode"
49            android:exported="true"
50            android:hardwareAccelerated="true"
51            android:launchMode="singleTop"
52            android:taskAffinity=""
53            android:theme="@style/LaunchTheme"
54            android:windowSoftInputMode="adjustResize" >
55
56            <!--
57                 Specifies an Android theme to apply to this Activity as soon as
58                 the Android process has started. This theme is visible to the user
59                 while the Flutter UI initializes. After that, this theme continues
60                 to determine the Window background behind the Flutter UI.
61            -->
62            <meta-data
63                android:name="io.flutter.embedding.android.NormalTheme"
64                android:resource="@style/NormalTheme" />
65
66            <intent-filter>
67                <action android:name="android.intent.action.MAIN" />
68
69                <category android:name="android.intent.category.LAUNCHER" />
70            </intent-filter>
71        </activity>
72        <!--
73             Don't delete the meta-data below.
74             This is used by the Flutter tool to generate GeneratedPluginRegistrant.java
75        -->
76        <meta-data
77            android:name="flutterEmbedding"
78            android:value="2" />
79
80        <activity
80-->[:flutter_inappwebview_android] AndroidManifest.xml:16:9-20:47
81            android:name="com.pichillilorenzo.flutter_inappwebview_android.in_app_browser.InAppBrowserActivity"
81-->[:flutter_inappwebview_android] AndroidManifest.xml:17:13-112
82            android:configChanges="orientation|keyboardHidden|keyboard|screenSize|locale|layoutDirection|fontScale|screenLayout|density"
82-->[:flutter_inappwebview_android] AndroidManifest.xml:18:13-137
83            android:exported="false"
83-->[:flutter_inappwebview_android] AndroidManifest.xml:19:13-37
84            android:theme="@style/AppTheme" />
84-->[:flutter_inappwebview_android] AndroidManifest.xml:20:13-44
85        <activity
85-->[:flutter_inappwebview_android] AndroidManifest.xml:21:9-24:55
86            android:name="com.pichillilorenzo.flutter_inappwebview_android.chrome_custom_tabs.ChromeCustomTabsActivity"
86-->[:flutter_inappwebview_android] AndroidManifest.xml:22:13-120
87            android:exported="false"
87-->[:flutter_inappwebview_android] AndroidManifest.xml:23:13-37
88            android:theme="@style/ThemeTransparent" />
88-->[:flutter_inappwebview_android] AndroidManifest.xml:24:13-52
89        <activity
89-->[:flutter_inappwebview_android] AndroidManifest.xml:25:9-28:55
90            android:name="com.pichillilorenzo.flutter_inappwebview_android.chrome_custom_tabs.TrustedWebActivity"
90-->[:flutter_inappwebview_android] AndroidManifest.xml:26:13-114
91            android:exported="false"
91-->[:flutter_inappwebview_android] AndroidManifest.xml:27:13-37
92            android:theme="@style/ThemeTransparent" />
92-->[:flutter_inappwebview_android] AndroidManifest.xml:28:13-52
93        <activity
93-->[:flutter_inappwebview_android] AndroidManifest.xml:29:9-33:55
94            android:name="com.pichillilorenzo.flutter_inappwebview_android.chrome_custom_tabs.ChromeCustomTabsActivitySingleInstance"
94-->[:flutter_inappwebview_android] AndroidManifest.xml:30:13-134
95            android:exported="false"
95-->[:flutter_inappwebview_android] AndroidManifest.xml:31:13-37
96            android:launchMode="singleInstance"
96-->[:flutter_inappwebview_android] AndroidManifest.xml:32:13-48
97            android:theme="@style/ThemeTransparent" />
97-->[:flutter_inappwebview_android] AndroidManifest.xml:33:13-52
98        <activity
98-->[:flutter_inappwebview_android] AndroidManifest.xml:34:9-38:55
99            android:name="com.pichillilorenzo.flutter_inappwebview_android.chrome_custom_tabs.TrustedWebActivitySingleInstance"
99-->[:flutter_inappwebview_android] AndroidManifest.xml:35:13-128
100            android:exported="false"
100-->[:flutter_inappwebview_android] AndroidManifest.xml:36:13-37
101            android:launchMode="singleInstance"
101-->[:flutter_inappwebview_android] AndroidManifest.xml:37:13-48
102            android:theme="@style/ThemeTransparent" />
102-->[:flutter_inappwebview_android] AndroidManifest.xml:38:13-52
103
104        <receiver
104-->[:flutter_inappwebview_android] AndroidManifest.xml:40:9-43:40
105            android:name="com.pichillilorenzo.flutter_inappwebview_android.chrome_custom_tabs.ActionBroadcastReceiver"
105-->[:flutter_inappwebview_android] AndroidManifest.xml:41:13-119
106            android:enabled="true"
106-->[:flutter_inappwebview_android] AndroidManifest.xml:42:13-35
107            android:exported="false" />
107-->[:flutter_inappwebview_android] AndroidManifest.xml:43:13-37
108
109        <meta-data
109-->[:flutter_inappwebview_android] AndroidManifest.xml:45:9-47:36
110            android:name="io.flutter.embedded_views_preview"
110-->[:flutter_inappwebview_android] AndroidManifest.xml:46:13-61
111            android:value="true" />
111-->[:flutter_inappwebview_android] AndroidManifest.xml:47:13-33
112
113        <uses-library
113-->[androidx.window:window:1.2.0] AndroidManifest.xml:23:9-25:40
114            android:name="androidx.window.extensions"
114-->[androidx.window:window:1.2.0] AndroidManifest.xml:24:13-54
115            android:required="false" />
115-->[androidx.window:window:1.2.0] AndroidManifest.xml:25:13-37
116        <uses-library
116-->[androidx.window:window:1.2.0] AndroidManifest.xml:26:9-28:40
117            android:name="androidx.window.sidecar"
117-->[androidx.window:window:1.2.0] AndroidManifest.xml:27:13-51
118            android:required="false" />
118-->[androidx.window:window:1.2.0] AndroidManifest.xml:28:13-37
119
120        <provider
120-->[androidx.emoji2:emoji2:1.2.0] AndroidManifest.xml:24:9-32:20
121            android:name="androidx.startup.InitializationProvider"
121-->[androidx.emoji2:emoji2:1.2.0] AndroidManifest.xml:25:13-67
122            android:authorities="com.example.flutter_widget.androidx-startup"
122-->[androidx.emoji2:emoji2:1.2.0] AndroidManifest.xml:26:13-68
123            android:exported="false" >
123-->[androidx.emoji2:emoji2:1.2.0] AndroidManifest.xml:27:13-37
124            <meta-data
124-->[androidx.emoji2:emoji2:1.2.0] AndroidManifest.xml:29:13-31:52
125                android:name="androidx.emoji2.text.EmojiCompatInitializer"
125-->[androidx.emoji2:emoji2:1.2.0] AndroidManifest.xml:30:17-75
126                android:value="androidx.startup" />
126-->[androidx.emoji2:emoji2:1.2.0] AndroidManifest.xml:31:17-49
127            <meta-data
127-->[androidx.lifecycle:lifecycle-process:2.7.0] AndroidManifest.xml:29:13-31:52
128                android:name="androidx.lifecycle.ProcessLifecycleInitializer"
128-->[androidx.lifecycle:lifecycle-process:2.7.0] AndroidManifest.xml:30:17-78
129                android:value="androidx.startup" />
129-->[androidx.lifecycle:lifecycle-process:2.7.0] AndroidManifest.xml:31:17-49
130            <meta-data
130-->[androidx.profileinstaller:profileinstaller:1.3.1] AndroidManifest.xml:29:13-31:52
131                android:name="androidx.profileinstaller.ProfileInstallerInitializer"
131-->[androidx.profileinstaller:profileinstaller:1.3.1] AndroidManifest.xml:30:17-85
132                android:value="androidx.startup" />
132-->[androidx.profileinstaller:profileinstaller:1.3.1] AndroidManifest.xml:31:17-49
133        </provider>
134
135        <receiver
135-->[androidx.profileinstaller:profileinstaller:1.3.1] AndroidManifest.xml:34:9-52:20
136            android:name="androidx.profileinstaller.ProfileInstallReceiver"
136-->[androidx.profileinstaller:profileinstaller:1.3.1] AndroidManifest.xml:35:13-76
137            android:directBootAware="false"
137-->[androidx.profileinstaller:profileinstaller:1.3.1] AndroidManifest.xml:36:13-44
138            android:enabled="true"
138-->[androidx.profileinstaller:profileinstaller:1.3.1] AndroidManifest.xml:37:13-35
139            android:exported="true"
139-->[androidx.profileinstaller:profileinstaller:1.3.1] AndroidManifest.xml:38:13-36
140            android:permission="android.permission.DUMP" >
140-->[androidx.profileinstaller:profileinstaller:1.3.1] AndroidManifest.xml:39:13-57
141            <intent-filter>
141-->[androidx.profileinstaller:profileinstaller:1.3.1] AndroidManifest.xml:40:13-42:29
142                <action android:name="androidx.profileinstaller.action.INSTALL_PROFILE" />
142-->[androidx.profileinstaller:profileinstaller:1.3.1] AndroidManifest.xml:41:17-91
142-->[androidx.profileinstaller:profileinstaller:1.3.1] AndroidManifest.xml:41:25-88
143            </intent-filter>
144            <intent-filter>
144-->[androidx.profileinstaller:profileinstaller:1.3.1] AndroidManifest.xml:43:13-45:29
145                <action android:name="androidx.profileinstaller.action.SKIP_FILE" />
145-->[androidx.profileinstaller:profileinstaller:1.3.1] AndroidManifest.xml:44:17-85
145-->[androidx.profileinstaller:profileinstaller:1.3.1] AndroidManifest.xml:44:25-82
146            </intent-filter>
147            <intent-filter>
147-->[androidx.profileinstaller:profileinstaller:1.3.1] AndroidManifest.xml:46:13-48:29
148                <action android:name="androidx.profileinstaller.action.SAVE_PROFILE" />
148-->[androidx.profileinstaller:profileinstaller:1.3.1] AndroidManifest.xml:47:17-88
148-->[androidx.profileinstaller:profileinstaller:1.3.1] AndroidManifest.xml:47:25-85
149            </intent-filter>
150            <intent-filter>
150-->[androidx.profileinstaller:profileinstaller:1.3.1] AndroidManifest.xml:49:13-51:29
151                <action android:name="androidx.profileinstaller.action.BENCHMARK_OPERATION" />
151-->[androidx.profileinstaller:profileinstaller:1.3.1] AndroidManifest.xml:50:17-95
151-->[androidx.profileinstaller:profileinstaller:1.3.1] AndroidManifest.xml:50:25-92
152            </intent-filter>
153        </receiver>
154    </application>
155
156</manifest>